2024-10-12 11:38:20 - Neovide panicked with the message 'Can't write to "/users/tom/config/local/share/neovide/neovide-settings.json"'. (File: src/settings/window_size.rs; Line: 102, Column: 29)
   0: neovide::main::{{closure}}
   1: std::panicking::rust_panic_with_hook
   2: std::panicking::begin_panic_handler::{{closure}}
   3: std::sys_common::backtrace::__rust_end_short_backtrace
   4: rust_begin_unwind
   5: core::panicking::panic_fmt
   6: core::ops::function::impls::<impl core::ops::function::FnMut<A> for &mut F>::call_mut
   7: winit::platform_impl::platform::wayland::event_loop::EventLoop<T>::pump_events
   8: neovide::main
   9: std::sys_common::backtrace::__rust_begin_short_backtrace
  10: main
  11: __libc_start_call_main
  12: __libc_start_main@@GLIBC_2.34
  13: _start

2024-10-12 11:38:33 - Neovide panicked with the message 'Can't write to "/users/tom/config/local/share/neovide/neovide-settings.json"'. (File: src/settings/window_size.rs; Line: 102, Column: 29)
   0: neovide::main::{{closure}}
   1: std::panicking::rust_panic_with_hook
   2: std::panicking::begin_panic_handler::{{closure}}
   3: std::sys_common::backtrace::__rust_end_short_backtrace
   4: rust_begin_unwind
   5: core::panicking::panic_fmt
   6: core::ops::function::impls::<impl core::ops::function::FnMut<A> for &mut F>::call_mut
   7: winit::platform_impl::platform::wayland::event_loop::EventLoop<T>::pump_events
   8: neovide::main
   9: std::sys_common::backtrace::__rust_begin_short_backtrace
  10: main
  11: __libc_start_call_main
  12: __libc_start_main@@GLIBC_2.34
  13: _start

